<?xml version="1.0" encoding="UTF-8"?>
<!-- Generated by org.testng.reporters.JUnitReportReporter -->
<testsuite skipped="0" hostname="riskuma1" name="com.training.sanity.tests.EditAccountDetails" tests="1" failures="0" timestamp="12 Mar 2019 10:26:03 GMT" time="20.850" errors="0">
  <testcase name="validLoginTest" time="20.850" classname="com.training.sanity.tests.EditAccountDetails"/>
</testsuite> <!-- com.training.sanity.tests.EditAccountDetails -->
