<?xml version="1.0" encoding="UTF-8"?>
<!-- Generated by org.testng.reporters.JUnitReportReporter -->
<testsuite skipped="0" hostname="riskuma1" name="com.training.sanity.tests.LoginUFSTest" tests="1" failures="0" timestamp="12 Mar 2019 10:30:02 GMT" time="18.588" errors="0">
  <testcase name="validLoginTest" time="18.588" classname="com.training.sanity.tests.LoginUFSTest"/>
</testsuite> <!-- com.training.sanity.tests.LoginUFSTest -->
