<?xml version="1.0" encoding="UTF-8"?>
<!-- Generated by org.testng.reporters.JUnitReportReporter -->
<testsuite skipped="0" hostname="riskuma1" name="com.training.regression.tests.LoginDBTest" tests="2" failures="0" timestamp="22 Mar 2019 11:30:42 GMT" time="35.254" errors="0">
  <testcase name="loginDBTest" time="17.807" classname="com.training.regression.tests.LoginDBTest"/>
  <testcase name="loginDBTest" time="17.447" classname="com.training.regression.tests.LoginDBTest"/>
</testsuite> <!-- com.training.regression.tests.LoginDBTest -->
