<?xml version="1.0" encoding="UTF-8"?>
<!-- Generated by org.testng.reporters.JUnitReportReporter -->
<testsuite skipped="0" hostname="riskuma1" name="com.training.sanity.tests.UNF_032_Test" tests="1" failures="0" timestamp="20 Mar 2019 09:47:58 GMT" time="68.960" errors="0">
  <testcase name="validCheckOutTest" time="68.960" classname="com.training.sanity.tests.UNF_032_Test"/>
</testsuite> <!-- com.training.sanity.tests.UNF_032_Test -->
