<?xml version="1.0" encoding="UTF-8"?>
<!-- Generated by org.testng.reporters.JUnitReportReporter -->
<testsuite skipped="0" hostname="riskuma1" name="com.training.sanity.tests.ForgotPwdResetTest" tests="1" failures="0" timestamp="12 Mar 2019 10:37:54 GMT" time="20.307" errors="0">
  <testcase name="forgotPwdReset" time="20.307" classname="com.training.sanity.tests.ForgotPwdResetTest"/>
</testsuite> <!-- com.training.sanity.tests.ForgotPwdResetTest -->
