<?xml version="1.0" encoding="UTF-8"?>
<!-- Generated by org.testng.reporters.JUnitReportReporter -->
<testsuite skipped="0" hostname="riskuma1" name="com.training.sanity.tests.LoginTests" tests="1" failures="0" timestamp="11 Mar 2019 07:11:12 GMT" time="14.025" errors="0">
  <testcase name="validLoginTest" time="14.025" classname="com.training.sanity.tests.LoginTests"/>
</testsuite> <!-- com.training.sanity.tests.LoginTests -->
