<?xml version="1.0" encoding="UTF-8"?>
<!-- Generated by org.testng.reporters.JUnitReportReporter -->
<testsuite skipped="0" hostname="riskuma1" name="com.training.sanity.tests.OrderHistory" tests="1" failures="0" timestamp="12 Mar 2019 09:08:07 GMT" time="19.668" errors="0">
  <testcase name="validLoginTest" time="19.668" classname="com.training.sanity.tests.OrderHistory"/>
</testsuite> <!-- com.training.sanity.tests.OrderHistory -->
