<?xml version="1.0" encoding="UTF-8"?>
<!-- Generated by org.testng.reporters.JUnitReportReporter -->
<testsuite skipped="0" hostname="riskuma1" name="com.training.sanity.tests.EditAccountDetailsTest" tests="1" failures="0" timestamp="12 Mar 2019 10:33:10 GMT" time="20.488" errors="0">
  <testcase name="validLoginTest" time="20.488" classname="com.training.sanity.tests.EditAccountDetailsTest"/>
</testsuite> <!-- com.training.sanity.tests.EditAccountDetailsTest -->
