<?xml version="1.0" encoding="UTF-8"?>
<!-- Generated by org.testng.reporters.JUnitReportReporter -->
<testsuite skipped="0" hostname="riskuma1" name="com.training.sanity.tests.RegisterIDTest" tests="1" failures="0" timestamp="19 Mar 2019 12:25:40 GMT" time="29.233" errors="0">
  <testcase name="validRegistrationTest" time="29.233" classname="com.training.sanity.tests.RegisterIDTest"/>
</testsuite> <!-- com.training.sanity.tests.RegisterIDTest -->
