<?xml version="1.0" encoding="UTF-8"?>
<!-- Generated by org.testng.reporters.JUnitReportReporter -->
<testsuite skipped="0" hostname="riskuma1" name="com.training.sanity.tests.OrderHistoryTest" tests="1" failures="0" timestamp="12 Mar 2019 10:39:46 GMT" time="20.109" errors="0">
  <testcase name="orderHistoryCheck" time="20.109" classname="com.training.sanity.tests.OrderHistoryTest"/>
</testsuite> <!-- com.training.sanity.tests.OrderHistoryTest -->
